[2026-03-15 02:41:25] 📩 Получен webhook (push), запускаем deploy в фоне
[2026-03-15 02:41:25] 🚀 Начат процесс развёртывания
[2026-03-15 02:41:26] ✅ Код обновлён: Уже актуально.
[2026-03-15 02:41:26] ℹ️ Скрипт сборки не найден, пропускаем
[2026-03-15 02:41:26] ℹ️ Тесты не настроены, продолжаем без тестов
[2026-03-15 02:41:27] ✅ Зависимости установлены:
Defaulting to user installation because normal site-packages is not writeable
Requirement already satisfied: fastapi==0.100.0 in /home/ilya/.local/lib/python3.10/site-packages (from -r /opt/catty-app/requirements.txt (line 1)) (0.100.0)
Requirement already satisfied: Jinja2==3.1.2 in /home/ilya/.local/lib/python3.10/site-packages (from -r /opt/catty-app/requirements.txt (line 2)) (3.1.2)
Requirement already satisfied: PyJWT==2.7.0 in /home/ilya/.local/lib/python3.10/site-packages (from -r /opt/catty-app/requirements.txt (line 3)) (2.7.0)
Requirement already satisfied: pytest-playwright==0.3.3 in /home/ilya/.local/lib/python3.10/site-packages (from -r /opt/catty-app/requirements.txt (line 4)) (0.3.3)
Requirement already satisfied: python-multipart==0.0.6 in /home/ilya/.local/lib/python3.10/site-packages (from -r /opt/catty-app/requirements.txt (line 5)) (0.0.6)
Requirement already satisfied: requests==2.31.0 in /home/ilya/.local/lib/python3.10/site-packages (from -r /opt/catty-app/requirements.txt (line 6)) (2.31.0)
Requirement already satisfied: tinydb==4.8.0 in /home/ilya/.local/lib/python3.10/site-packages (from -r /opt/catty-app/requirements.txt (line 7)) (4.8.0)
Requirement already satisfied: uvicorn[standard]==0.22.0 in /home/ilya/.local/lib/python3.10/site-packages (from -r /opt/catty-app/requirements.txt (line 8)) (0.22.0)
Requirement already satisfied: pydantic!=1.8,!=1.8.1,!=2.0.0,!=2.0.1,<3.0.0,>=1.7.4 in /home/ilya/.local/lib/python3.10/site-packages (from fastapi==0.100.0->-r /opt/catty-app/requirements.txt (line 1)) (2.12.5)
Requirement already satisfied: starlette<0.28.0,>=0.27.0 in /home/ilya/.local/lib/python3.10/site-packages (from fastapi==0.100.0->-r /opt/catty-app/requirements.txt (line 1)) (0.27.0)
Requirement already satisfied: typing-extensions>=4.5.0 in /home/ilya/.local/lib/python3.10/site-packages (from fastapi==0.100.0->-r /opt/catty-app/requirements.txt (line 1)) (4.15.0)
Requirement already satisfied: MarkupSafe>=2.0 in /home/ilya/.local/lib/python3.10/site-packages (from Jinja2==3.1.2->-r /opt/catty-app/requirements.txt (line 2)) (3.0.3)
Requirement already satisfied: pytest-base-url<3.0.0,>=1.0.0 in /home/ilya/.local/lib/python3.10/site-packages (from pytest-playwright==0.3.3->-r /opt/catty-app/requirements.txt (line 4)) (2.1.0)
Requirement already satisfied: python-slugify<9.0.0,>=6.0.0 in /home/ilya/.local/lib/python3.10/site-packages (from pytest-playwright==0.3.3->-r /opt/catty-app/requirements.txt (line 4)) (8.0.4)
Requirement already satisfied: pytest<8.0.0,>=6.2.4 in /home/ilya/.local/lib/python3.10/site-packages (from pytest-playwright==0.3.3->-r /opt/catty-app/requirements.txt (line 4)) (7.4.4)
Requirement already satisfied: playwright>=1.18 in /home/ilya/.local/lib/python3.10/site-packages (from pytest-playwright==0.3.3->-r /opt/catty-app/requirements.txt (line 4)) (1.58.0)
Requirement already satisfied: urllib3<3,>=1.21.1 in /usr/lib/python3/dist-packages (from requests==2.31.0->-r /opt/catty-app/requirements.txt (line 6)) (1.26.5)
Requirement already satisfied: certifi>=2017.4.17 in /usr/lib/python3/dist-packages (from requests==2.31.0->-r /opt/catty-app/requirements.txt (line 6)) (2020.6.20)
Requirement already satisfied: idna<4,>=2.5 in /usr/lib/python3/dist-packages (from requests==2.31.0->-r /opt/catty-app/requirements.txt (line 6)) (3.3)
Requirement already satisfied: charset-normalizer<4,>=2 in /home/ilya/.local/lib/python3.10/site-packages (from requests==2.31.0->-r /opt/catty-app/requirements.txt (line 6)) (3.4.5)
Requirement already satisfied: h11>=0.8 in /home/ilya/.local/lib/python3.10/site-packages (from uvicorn[standard]==0.22.0->-r /opt/catty-app/requirements.txt (line 8)) (0.16.0)
Requirement already satisfied: click>=7.0 in /home/ilya/.local/lib/python3.10/site-packages (from uvicorn[standard]==0.22.0->-r /opt/catty-app/requirements.txt (line 8)) (8.3.1)
Requirement already satisfied: pyyaml>=5.1 in /usr/lib/python3/dist-packages (from uvicorn[standard]==0.22.0->-r /opt/catty-app/requirements.txt (line 8)) (5.4.1)
Requirement already satisfied: uvloop!=0.15.0,!=0.15.1,>=0.14.0 in /home/ilya/.local/lib/python3.10/site-packages (from uvicorn[standard]==0.22.0->-r /opt/catty-app/requirements.txt (line 8)) (0.22.1)
Requirement already satisfied: httptools>=0.5.0 in /home/ilya/.local/lib/python3.10/site-packages (from uvicorn[standard]==0.22.0->-r /opt/catty-app/requirements.txt (line 8)) (0.7.1)
Requirement already satisfied: websockets>=10.4 in /home/ilya/.local/lib/python3.10/site-packages (from uvicorn[standard]==0.22.0->-r /opt/catty-app/requirements.txt (line 8)) (16.0)
Requirement already satisfied: watchfiles>=0.13 in /home/ilya/.local/lib/python3.10/site-packages (from uvicorn[standard]==0.22.0->-r /opt/catty-app/requirements.txt (line 8)) (1.1.1)
Requirement already satisfied: python-dotenv>=0.13 in /home/ilya/.local/lib/python3.10/site-packages (from uvicorn[standard]==0.22.0->-r /opt/catty-app/requirements.txt (line 8)) (1.2.2)
Requirement already satisfied: pyee<14,>=13 in /home/ilya/.local/lib/python3.10/site-packages (from playwright>=1.18->pytest-playwright==0.3.3->-r /opt/catty-app/requirements.txt (line 4)) (13.0.1)
Requirement already satisfied: greenlet<4.0.0,>=3.1.1 in /home/ilya/.local/lib/python3.10/site-packages (from playwright>=1.18->pytest-playwright==0.3.3->-r /opt/catty-app/requirements.txt (line 4)) (3.3.2)
Requirement already satisfied: typing-inspection>=0.4.2 in /home/ilya/.local/lib/python3.10/site-packages (from pydantic!=1.8,!=1.8.1,!=2.0.0,!=2.0.1,<3.0.0,>=1.7.4->fastapi==0.100.0->-r /opt/catty-app/requirements.txt (line 1)) (0.4.2)
Requirement already satisfied: pydantic-core==2.41.5 in /home/ilya/.local/lib/python3.10/site-packages (from pydantic!=1.8,!=1.8.1,!=2.0.0,!=2.0.1,<3.0.0,>=1.7.4->fastapi==0.100.0->-r /opt/catty-app/requirements.txt (line 1)) (2.41.5)
Requirement already satisfied: annotated-types>=0.6.0 in /home/ilya/.local/lib/python3.10/site-packages (from pydantic!=1.8,!=1.8.1,!=2.0.0,!=2.0.1,<3.0.0,>=1.7.4->fastapi==0.100.0->-r /opt/catty-app/requirements.txt (line 1)) (0.7.0)
Requirement already satisfied: packaging in /home/ilya/.local/lib/python3.10/site-packages (from pytest<8.0.0,>=6.2.4->pytest-playwright==0.3.3->-r /opt/catty-app/requirements.txt (line 4)) (26.0)
Requirement already satisfied: tomli>=1.0.0 in /home/ilya/.local/lib/python3.10/site-packages (from pytest<8.0.0,>=6.2.4->pytest-playwright==0.3.3->-r /opt/catty-app/requirements.txt (line 4)) (2.4.0)
Requirement already satisfied: iniconfig in /home/ilya/.local/lib/python3.10/site-packages (from pytest<8.0.0,>=6.2.4->pytest-playwright==0.3.3->-r /opt/catty-app/requirements.txt (line 4)) (2.3.0)
Requirement already satisfied: pluggy<2.0,>=0.12 in /home/ilya/.local/lib/python3.10/site-packages (from pytest<8.0.0,>=6.2.4->pytest-playwright==0.3.3->-r /opt/catty-app/requirements.txt (line 4)) (1.6.0)
Requirement already satisfied: exceptiongroup>=1.0.0rc8 in /home/ilya/.local/lib/python3.10/site-packages (from pytest<8.0.0,>=6.2.4->pytest-playwright==0.3.3->-r /opt/catty-app/requirements.txt (line 4)) (1.3.1)
Requirement already satisfied: text-unidecode>=1.3 in /home/ilya/.local/lib/python3.10/site-packages (from python-slugify<9.0.0,>=6.0.0->pytest-playwright==0.3.3->-r /opt/catty-app/requirements.txt (line 4)) (1.3)
Requirement already satisfied: anyio<5,>=3.4.0 in /home/ilya/.local/lib/python3.10/site-packages (from starlette<0.28.0,>=0.27.0->fastapi==0.100.0->-r /opt/catty-app/requirements.txt (line 1)) (4.12.1)

[2026-03-15 02:41:27] ❌ Ошибка при перезапуске сервиса:
sudo: a terminal is required to read the password; either use the -S option to read from standard input or configure an askpass helper
sudo: требуется указать пароль

[2026-03-15 02:42:06] 📩 Получен webhook (push), запускаем deploy в фоне
[2026-03-15 02:42:06] 🚀 Начат процесс развёртывания
[2026-03-15 02:42:07] ✅ Код обновлён: Уже актуально.
[2026-03-15 02:42:07] ℹ️ Скрипт сборки не найден, пропускаем
[2026-03-15 02:42:07] ℹ️ Тесты не настроены, продолжаем без тестов
[2026-03-15 02:42:08] ✅ Зависимости установлены:
Defaulting to user installation because normal site-packages is not writeable
Requirement already satisfied: fastapi==0.100.0 in /home/ilya/.local/lib/python3.10/site-packages (from -r /opt/catty-app/requirements.txt (line 1)) (0.100.0)
Requirement already satisfied: Jinja2==3.1.2 in /home/ilya/.local/lib/python3.10/site-packages (from -r /opt/catty-app/requirements.txt (line 2)) (3.1.2)
Requirement already satisfied: PyJWT==2.7.0 in /home/ilya/.local/lib/python3.10/site-packages (from -r /opt/catty-app/requirements.txt (line 3)) (2.7.0)
Requirement already satisfied: pytest-playwright==0.3.3 in /home/ilya/.local/lib/python3.10/site-packages (from -r /opt/catty-app/requirements.txt (line 4)) (0.3.3)
Requirement already satisfied: python-multipart==0.0.6 in /home/ilya/.local/lib/python3.10/site-packages (from -r /opt/catty-app/requirements.txt (line 5)) (0.0.6)
Requirement already satisfied: requests==2.31.0 in /home/ilya/.local/lib/python3.10/site-packages (from -r /opt/catty-app/requirements.txt (line 6)) (2.31.0)
Requirement already satisfied: tinydb==4.8.0 in /home/ilya/.local/lib/python3.10/site-packages (from -r /opt/catty-app/requirements.txt (line 7)) (4.8.0)
Requirement already satisfied: uvicorn[standard]==0.22.0 in /home/ilya/.local/lib/python3.10/site-packages (from -r /opt/catty-app/requirements.txt (line 8)) (0.22.0)
Requirement already satisfied: pydantic!=1.8,!=1.8.1,!=2.0.0,!=2.0.1,<3.0.0,>=1.7.4 in /home/ilya/.local/lib/python3.10/site-packages (from fastapi==0.100.0->-r /opt/catty-app/requirements.txt (line 1)) (2.12.5)
Requirement already satisfied: starlette<0.28.0,>=0.27.0 in /home/ilya/.local/lib/python3.10/site-packages (from fastapi==0.100.0->-r /opt/catty-app/requirements.txt (line 1)) (0.27.0)
Requirement already satisfied: typing-extensions>=4.5.0 in /home/ilya/.local/lib/python3.10/site-packages (from fastapi==0.100.0->-r /opt/catty-app/requirements.txt (line 1)) (4.15.0)
Requirement already satisfied: MarkupSafe>=2.0 in /home/ilya/.local/lib/python3.10/site-packages (from Jinja2==3.1.2->-r /opt/catty-app/requirements.txt (line 2)) (3.0.3)
Requirement already satisfied: pytest-base-url<3.0.0,>=1.0.0 in /home/ilya/.local/lib/python3.10/site-packages (from pytest-playwright==0.3.3->-r /opt/catty-app/requirements.txt (line 4)) (2.1.0)
Requirement already satisfied: playwright>=1.18 in /home/ilya/.local/lib/python3.10/site-packages (from pytest-playwright==0.3.3->-r /opt/catty-app/requirements.txt (line 4)) (1.58.0)
Requirement already satisfied: pytest<8.0.0,>=6.2.4 in /home/ilya/.local/lib/python3.10/site-packages (from pytest-playwright==0.3.3->-r /opt/catty-app/requirements.txt (line 4)) (7.4.4)
Requirement already satisfied: python-slugify<9.0.0,>=6.0.0 in /home/ilya/.local/lib/python3.10/site-packages (from pytest-playwright==0.3.3->-r /opt/catty-app/requirements.txt (line 4)) (8.0.4)
Requirement already satisfied: urllib3<3,>=1.21.1 in /usr/lib/python3/dist-packages (from requests==2.31.0->-r /opt/catty-app/requirements.txt (line 6)) (1.26.5)
Requirement already satisfied: certifi>=2017.4.17 in /usr/lib/python3/dist-packages (from requests==2.31.0->-r /opt/catty-app/requirements.txt (line 6)) (2020.6.20)
Requirement already satisfied: idna<4,>=2.5 in /usr/lib/python3/dist-packages (from requests==2.31.0->-r /opt/catty-app/requirements.txt (line 6)) (3.3)
Requirement already satisfied: charset-normalizer<4,>=2 in /home/ilya/.local/lib/python3.10/site-packages (from requests==2.31.0->-r /opt/catty-app/requirements.txt (line 6)) (3.4.5)
Requirement already satisfied: h11>=0.8 in /home/ilya/.local/lib/python3.10/site-packages (from uvicorn[standard]==0.22.0->-r /opt/catty-app/requirements.txt (line 8)) (0.16.0)
Requirement already satisfied: click>=7.0 in /home/ilya/.local/lib/python3.10/site-packages (from uvicorn[standard]==0.22.0->-r /opt/catty-app/requirements.txt (line 8)) (8.3.1)
Requirement already satisfied: uvloop!=0.15.0,!=0.15.1,>=0.14.0 in /home/ilya/.local/lib/python3.10/site-packages (from uvicorn[standard]==0.22.0->-r /opt/catty-app/requirements.txt (line 8)) (0.22.1)
Requirement already satisfied: httptools>=0.5.0 in /home/ilya/.local/lib/python3.10/site-packages (from uvicorn[standard]==0.22.0->-r /opt/catty-app/requirements.txt (line 8)) (0.7.1)
Requirement already satisfied: watchfiles>=0.13 in /home/ilya/.local/lib/python3.10/site-packages (from uvicorn[standard]==0.22.0->-r /opt/catty-app/requirements.txt (line 8)) (1.1.1)
Requirement already satisfied: python-dotenv>=0.13 in /home/ilya/.local/lib/python3.10/site-packages (from uvicorn[standard]==0.22.0->-r /opt/catty-app/requirements.txt (line 8)) (1.2.2)
Requirement already satisfied: pyyaml>=5.1 in /usr/lib/python3/dist-packages (from uvicorn[standard]==0.22.0->-r /opt/catty-app/requirements.txt (line 8)) (5.4.1)
Requirement already satisfied: websockets>=10.4 in /home/ilya/.local/lib/python3.10/site-packages (from uvicorn[standard]==0.22.0->-r /opt/catty-app/requirements.txt (line 8)) (16.0)
Requirement already satisfied: pyee<14,>=13 in /home/ilya/.local/lib/python3.10/site-packages (from playwright>=1.18->pytest-playwright==0.3.3->-r /opt/catty-app/requirements.txt (line 4)) (13.0.1)
Requirement already satisfied: greenlet<4.0.0,>=3.1.1 in /home/ilya/.local/lib/python3.10/site-packages (from playwright>=1.18->pytest-playwright==0.3.3->-r /opt/catty-app/requirements.txt (line 4)) (3.3.2)
Requirement already satisfied: annotated-types>=0.6.0 in /home/ilya/.local/lib/python3.10/site-packages (from pydantic!=1.8,!=1.8.1,!=2.0.0,!=2.0.1,<3.0.0,>=1.7.4->fastapi==0.100.0->-r /opt/catty-app/requirements.txt (line 1)) (0.7.0)
Requirement already satisfied: pydantic-core==2.41.5 in /home/ilya/.local/lib/python3.10/site-packages (from pydantic!=1.8,!=1.8.1,!=2.0.0,!=2.0.1,<3.0.0,>=1.7.4->fastapi==0.100.0->-r /opt/catty-app/requirements.txt (line 1)) (2.41.5)
Requirement already satisfied: typing-inspection>=0.4.2 in /home/ilya/.local/lib/python3.10/site-packages (from pydantic!=1.8,!=1.8.1,!=2.0.0,!=2.0.1,<3.0.0,>=1.7.4->fastapi==0.100.0->-r /opt/catty-app/requirements.txt (line 1)) (0.4.2)
Requirement already satisfied: pluggy<2.0,>=0.12 in /home/ilya/.local/lib/python3.10/site-packages (from pytest<8.0.0,>=6.2.4->pytest-playwright==0.3.3->-r /opt/catty-app/requirements.txt (line 4)) (1.6.0)
Requirement already satisfied: packaging in /home/ilya/.local/lib/python3.10/site-packages (from pytest<8.0.0,>=6.2.4->pytest-playwright==0.3.3->-r /opt/catty-app/requirements.txt (line 4)) (26.0)
Requirement already satisfied: iniconfig in /home/ilya/.local/lib/python3.10/site-packages (from pytest<8.0.0,>=6.2.4->pytest-playwright==0.3.3->-r /opt/catty-app/requirements.txt (line 4)) (2.3.0)
Requirement already satisfied: exceptiongroup>=1.0.0rc8 in /home/ilya/.local/lib/python3.10/site-packages (from pytest<8.0.0,>=6.2.4->pytest-playwright==0.3.3->-r /opt/catty-app/requirements.txt (line 4)) (1.3.1)
Requirement already satisfied: tomli>=1.0.0 in /home/ilya/.local/lib/python3.10/site-packages (from pytest<8.0.0,>=6.2.4->pytest-playwright==0.3.3->-r /opt/catty-app/requirements.txt (line 4)) (2.4.0)
Requirement already satisfied: text-unidecode>=1.3 in /home/ilya/.local/lib/python3.10/site-packages (from python-slugify<9.0.0,>=6.0.0->pytest-playwright==0.3.3->-r /opt/catty-app/requirements.txt (line 4)) (1.3)
Requirement already satisfied: anyio<5,>=3.4.0 in /home/ilya/.local/lib/python3.10/site-packages (from starlette<0.28.0,>=0.27.0->fastapi==0.100.0->-r /opt/catty-app/requirements.txt (line 1)) (4.12.1)

[2026-03-15 02:42:08] ❌ Ошибка при перезапуске сервиса:
sudo: a terminal is required to read the password; either use the -S option to read from standard input or configure an askpass helper
sudo: требуется указать пароль

[2026-03-15 02:46:15] 📩 Получен webhook (push), запускаем deploy в фоне
[2026-03-15 02:46:15] 🚀 Начат процесс развёртывания
[2026-03-15 02:46:15] ✅ Код обновлён: Уже актуально.
[2026-03-15 02:46:15] ℹ️ Скрипт сборки не найден, пропускаем
[2026-03-15 02:46:15] ℹ️ Тесты не настроены, продолжаем без тестов
[2026-03-15 02:46:16] ✅ Зависимости установлены:
Defaulting to user installation because normal site-packages is not writeable
Requirement already satisfied: fastapi==0.100.0 in /home/ilya/.local/lib/python3.10/site-packages (from -r /opt/catty-app/requirements.txt (line 1)) (0.100.0)
Requirement already satisfied: Jinja2==3.1.2 in /home/ilya/.local/lib/python3.10/site-packages (from -r /opt/catty-app/requirements.txt (line 2)) (3.1.2)
Requirement already satisfied: PyJWT==2.7.0 in /home/ilya/.local/lib/python3.10/site-packages (from -r /opt/catty-app/requirements.txt (line 3)) (2.7.0)
Requirement already satisfied: pytest-playwright==0.3.3 in /home/ilya/.local/lib/python3.10/site-packages (from -r /opt/catty-app/requirements.txt (line 4)) (0.3.3)
Requirement already satisfied: python-multipart==0.0.6 in /home/ilya/.local/lib/python3.10/site-packages (from -r /opt/catty-app/requirements.txt (line 5)) (0.0.6)
Requirement already satisfied: requests==2.31.0 in /home/ilya/.local/lib/python3.10/site-packages (from -r /opt/catty-app/requirements.txt (line 6)) (2.31.0)
Requirement already satisfied: tinydb==4.8.0 in /home/ilya/.local/lib/python3.10/site-packages (from -r /opt/catty-app/requirements.txt (line 7)) (4.8.0)
Requirement already satisfied: uvicorn[standard]==0.22.0 in /home/ilya/.local/lib/python3.10/site-packages (from -r /opt/catty-app/requirements.txt (line 8)) (0.22.0)
Requirement already satisfied: pydantic!=1.8,!=1.8.1,!=2.0.0,!=2.0.1,<3.0.0,>=1.7.4 in /home/ilya/.local/lib/python3.10/site-packages (from fastapi==0.100.0->-r /opt/catty-app/requirements.txt (line 1)) (2.12.5)
Requirement already satisfied: starlette<0.28.0,>=0.27.0 in /home/ilya/.local/lib/python3.10/site-packages (from fastapi==0.100.0->-r /opt/catty-app/requirements.txt (line 1)) (0.27.0)
Requirement already satisfied: typing-extensions>=4.5.0 in /home/ilya/.local/lib/python3.10/site-packages (from fastapi==0.100.0->-r /opt/catty-app/requirements.txt (line 1)) (4.15.0)
Requirement already satisfied: MarkupSafe>=2.0 in /home/ilya/.local/lib/python3.10/site-packages (from Jinja2==3.1.2->-r /opt/catty-app/requirements.txt (line 2)) (3.0.3)
Requirement already satisfied: pytest<8.0.0,>=6.2.4 in /home/ilya/.local/lib/python3.10/site-packages (from pytest-playwright==0.3.3->-r /opt/catty-app/requirements.txt (line 4)) (7.4.4)
Requirement already satisfied: python-slugify<9.0.0,>=6.0.0 in /home/ilya/.local/lib/python3.10/site-packages (from pytest-playwright==0.3.3->-r /opt/catty-app/requirements.txt (line 4)) (8.0.4)
Requirement already satisfied: playwright>=1.18 in /home/ilya/.local/lib/python3.10/site-packages (from pytest-playwright==0.3.3->-r /opt/catty-app/requirements.txt (line 4)) (1.58.0)
Requirement already satisfied: pytest-base-url<3.0.0,>=1.0.0 in /home/ilya/.local/lib/python3.10/site-packages (from pytest-playwright==0.3.3->-r /opt/catty-app/requirements.txt (line 4)) (2.1.0)
Requirement already satisfied: urllib3<3,>=1.21.1 in /usr/lib/python3/dist-packages (from requests==2.31.0->-r /opt/catty-app/requirements.txt (line 6)) (1.26.5)
Requirement already satisfied: idna<4,>=2.5 in /usr/lib/python3/dist-packages (from requests==2.31.0->-r /opt/catty-app/requirements.txt (line 6)) (3.3)
Requirement already satisfied: certifi>=2017.4.17 in /usr/lib/python3/dist-packages (from requests==2.31.0->-r /opt/catty-app/requirements.txt (line 6)) (2020.6.20)
Requirement already satisfied: charset-normalizer<4,>=2 in /home/ilya/.local/lib/python3.10/site-packages (from requests==2.31.0->-r /opt/catty-app/requirements.txt (line 6)) (3.4.5)
Requirement already satisfied: h11>=0.8 in /home/ilya/.local/lib/python3.10/site-packages (from uvicorn[standard]==0.22.0->-r /opt/catty-app/requirements.txt (line 8)) (0.16.0)
Requirement already satisfied: click>=7.0 in /home/ilya/.local/lib/python3.10/site-packages (from uvicorn[standard]==0.22.0->-r /opt/catty-app/requirements.txt (line 8)) (8.3.1)
Requirement already satisfied: watchfiles>=0.13 in /home/ilya/.local/lib/python3.10/site-packages (from uvicorn[standard]==0.22.0->-r /opt/catty-app/requirements.txt (line 8)) (1.1.1)
Requirement already satisfied: httptools>=0.5.0 in /home/ilya/.local/lib/python3.10/site-packages (from uvicorn[standard]==0.22.0->-r /opt/catty-app/requirements.txt (line 8)) (0.7.1)
Requirement already satisfied: websockets>=10.4 in /home/ilya/.local/lib/python3.10/site-packages (from uvicorn[standard]==0.22.0->-r /opt/catty-app/requirements.txt (line 8)) (16.0)
Requirement already satisfied: python-dotenv>=0.13 in /home/ilya/.local/lib/python3.10/site-packages (from uvicorn[standard]==0.22.0->-r /opt/catty-app/requirements.txt (line 8)) (1.2.2)
Requirement already satisfied: uvloop!=0.15.0,!=0.15.1,>=0.14.0 in /home/ilya/.local/lib/python3.10/site-packages (from uvicorn[standard]==0.22.0->-r /opt/catty-app/requirements.txt (line 8)) (0.22.1)
Requirement already satisfied: pyyaml>=5.1 in /usr/lib/python3/dist-packages (from uvicorn[standard]==0.22.0->-r /opt/catty-app/requirements.txt (line 8)) (5.4.1)
Requirement already satisfied: greenlet<4.0.0,>=3.1.1 in /home/ilya/.local/lib/python3.10/site-packages (from playwright>=1.18->pytest-playwright==0.3.3->-r /opt/catty-app/requirements.txt (line 4)) (3.3.2)
Requirement already satisfied: pyee<14,>=13 in /home/ilya/.local/lib/python3.10/site-packages (from playwright>=1.18->pytest-playwright==0.3.3->-r /opt/catty-app/requirements.txt (line 4)) (13.0.1)
Requirement already satisfied: typing-inspection>=0.4.2 in /home/ilya/.local/lib/python3.10/site-packages (from pydantic!=1.8,!=1.8.1,!=2.0.0,!=2.0.1,<3.0.0,>=1.7.4->fastapi==0.100.0->-r /opt/catty-app/requirements.txt (line 1)) (0.4.2)
Requirement already satisfied: pydantic-core==2.41.5 in /home/ilya/.local/lib/python3.10/site-packages (from pydantic!=1.8,!=1.8.1,!=2.0.0,!=2.0.1,<3.0.0,>=1.7.4->fastapi==0.100.0->-r /opt/catty-app/requirements.txt (line 1)) (2.41.5)
Requirement already satisfied: annotated-types>=0.6.0 in /home/ilya/.local/lib/python3.10/site-packages (from pydantic!=1.8,!=1.8.1,!=2.0.0,!=2.0.1,<3.0.0,>=1.7.4->fastapi==0.100.0->-r /opt/catty-app/requirements.txt (line 1)) (0.7.0)
Requirement already satisfied: pluggy<2.0,>=0.12 in /home/ilya/.local/lib/python3.10/site-packages (from pytest<8.0.0,>=6.2.4->pytest-playwright==0.3.3->-r /opt/catty-app/requirements.txt (line 4)) (1.6.0)
Requirement already satisfied: tomli>=1.0.0 in /home/ilya/.local/lib/python3.10/site-packages (from pytest<8.0.0,>=6.2.4->pytest-playwright==0.3.3->-r /opt/catty-app/requirements.txt (line 4)) (2.4.0)
Requirement already satisfied: iniconfig in /home/ilya/.local/lib/python3.10/site-packages (from pytest<8.0.0,>=6.2.4->pytest-playwright==0.3.3->-r /opt/catty-app/requirements.txt (line 4)) (2.3.0)
Requirement already satisfied: exceptiongroup>=1.0.0rc8 in /home/ilya/.local/lib/python3.10/site-packages (from pytest<8.0.0,>=6.2.4->pytest-playwright==0.3.3->-r /opt/catty-app/requirements.txt (line 4)) (1.3.1)
Requirement already satisfied: packaging in /home/ilya/.local/lib/python3.10/site-packages (from pytest<8.0.0,>=6.2.4->pytest-playwright==0.3.3->-r /opt/catty-app/requirements.txt (line 4)) (26.0)
Requirement already satisfied: text-unidecode>=1.3 in /home/ilya/.local/lib/python3.10/site-packages (from python-slugify<9.0.0,>=6.0.0->pytest-playwright==0.3.3->-r /opt/catty-app/requirements.txt (line 4)) (1.3)
Requirement already satisfied: anyio<5,>=3.4.0 in /home/ilya/.local/lib/python3.10/site-packages (from starlette<0.28.0,>=0.27.0->fastapi==0.100.0->-r /opt/catty-app/requirements.txt (line 1)) (4.12.1)

[2026-03-15 02:46:16] ❌ Ошибка при перезапуске сервиса:
sudo: a terminal is required to read the password; either use the -S option to read from standard input or configure an askpass helper
sudo: требуется указать пароль

[2026-03-15 02:52:18] 📩 Получен webhook (push), запускаем deploy в фоне
[2026-03-15 02:52:18] 🚀 Начат процесс развёртывания
[2026-03-15 02:52:19] ✅ Код обновлён: Уже актуально.
[2026-03-15 02:52:19] ℹ️ Скрипт сборки не найден, пропускаем
[2026-03-15 02:52:19] ℹ️ Тесты не настроены, продолжаем без тестов
[2026-03-15 02:52:20] ✅ Зависимости установлены:
Defaulting to user installation because normal site-packages is not writeable
Requirement already satisfied: fastapi==0.100.0 in /home/ilya/.local/lib/python3.10/site-packages (from -r /opt/catty-app/requirements.txt (line 1)) (0.100.0)
Requirement already satisfied: Jinja2==3.1.2 in /home/ilya/.local/lib/python3.10/site-packages (from -r /opt/catty-app/requirements.txt (line 2)) (3.1.2)
Requirement already satisfied: PyJWT==2.7.0 in /home/ilya/.local/lib/python3.10/site-packages (from -r /opt/catty-app/requirements.txt (line 3)) (2.7.0)
Requirement already satisfied: pytest-playwright==0.3.3 in /home/ilya/.local/lib/python3.10/site-packages (from -r /opt/catty-app/requirements.txt (line 4)) (0.3.3)
Requirement already satisfied: python-multipart==0.0.6 in /home/ilya/.local/lib/python3.10/site-packages (from -r /opt/catty-app/requirements.txt (line 5)) (0.0.6)
Requirement already satisfied: requests==2.31.0 in /home/ilya/.local/lib/python3.10/site-packages (from -r /opt/catty-app/requirements.txt (line 6)) (2.31.0)
Requirement already satisfied: tinydb==4.8.0 in /home/ilya/.local/lib/python3.10/site-packages (from -r /opt/catty-app/requirements.txt (line 7)) (4.8.0)
Requirement already satisfied: uvicorn[standard]==0.22.0 in /home/ilya/.local/lib/python3.10/site-packages (from -r /opt/catty-app/requirements.txt (line 8)) (0.22.0)
Requirement already satisfied: pydantic!=1.8,!=1.8.1,!=2.0.0,!=2.0.1,<3.0.0,>=1.7.4 in /home/ilya/.local/lib/python3.10/site-packages (from fastapi==0.100.0->-r /opt/catty-app/requirements.txt (line 1)) (2.12.5)
Requirement already satisfied: typing-extensions>=4.5.0 in /home/ilya/.local/lib/python3.10/site-packages (from fastapi==0.100.0->-r /opt/catty-app/requirements.txt (line 1)) (4.15.0)
Requirement already satisfied: starlette<0.28.0,>=0.27.0 in /home/ilya/.local/lib/python3.10/site-packages (from fastapi==0.100.0->-r /opt/catty-app/requirements.txt (line 1)) (0.27.0)
Requirement already satisfied: MarkupSafe>=2.0 in /home/ilya/.local/lib/python3.10/site-packages (from Jinja2==3.1.2->-r /opt/catty-app/requirements.txt (line 2)) (3.0.3)
Requirement already satisfied: pytest<8.0.0,>=6.2.4 in /home/ilya/.local/lib/python3.10/site-packages (from pytest-playwright==0.3.3->-r /opt/catty-app/requirements.txt (line 4)) (7.4.4)
Requirement already satisfied: playwright>=1.18 in /home/ilya/.local/lib/python3.10/site-packages (from pytest-playwright==0.3.3->-r /opt/catty-app/requirements.txt (line 4)) (1.58.0)
Requirement already satisfied: pytest-base-url<3.0.0,>=1.0.0 in /home/ilya/.local/lib/python3.10/site-packages (from pytest-playwright==0.3.3->-r /opt/catty-app/requirements.txt (line 4)) (2.1.0)
Requirement already satisfied: python-slugify<9.0.0,>=6.0.0 in /home/ilya/.local/lib/python3.10/site-packages (from pytest-playwright==0.3.3->-r /opt/catty-app/requirements.txt (line 4)) (8.0.4)
Requirement already satisfied: charset-normalizer<4,>=2 in /home/ilya/.local/lib/python3.10/site-packages (from requests==2.31.0->-r /opt/catty-app/requirements.txt (line 6)) (3.4.5)
Requirement already satisfied: urllib3<3,>=1.21.1 in /usr/lib/python3/dist-packages (from requests==2.31.0->-r /opt/catty-app/requirements.txt (line 6)) (1.26.5)
Requirement already satisfied: idna<4,>=2.5 in /usr/lib/python3/dist-packages (from requests==2.31.0->-r /opt/catty-app/requirements.txt (line 6)) (3.3)
Requirement already satisfied: certifi>=2017.4.17 in /usr/lib/python3/dist-packages (from requests==2.31.0->-r /opt/catty-app/requirements.txt (line 6)) (2020.6.20)
Requirement already satisfied: h11>=0.8 in /home/ilya/.local/lib/python3.10/site-packages (from uvicorn[standard]==0.22.0->-r /opt/catty-app/requirements.txt (line 8)) (0.16.0)
Requirement already satisfied: click>=7.0 in /home/ilya/.local/lib/python3.10/site-packages (from uvicorn[standard]==0.22.0->-r /opt/catty-app/requirements.txt (line 8)) (8.3.1)
Requirement already satisfied: websockets>=10.4 in /home/ilya/.local/lib/python3.10/site-packages (from uvicorn[standard]==0.22.0->-r /opt/catty-app/requirements.txt (line 8)) (16.0)
Requirement already satisfied: watchfiles>=0.13 in /home/ilya/.local/lib/python3.10/site-packages (from uvicorn[standard]==0.22.0->-r /opt/catty-app/requirements.txt (line 8)) (1.1.1)
Requirement already satisfied: pyyaml>=5.1 in /usr/lib/python3/dist-packages (from uvicorn[standard]==0.22.0->-r /opt/catty-app/requirements.txt (line 8)) (5.4.1)
Requirement already satisfied: uvloop!=0.15.0,!=0.15.1,>=0.14.0 in /home/ilya/.local/lib/python3.10/site-packages (from uvicorn[standard]==0.22.0->-r /opt/catty-app/requirements.txt (line 8)) (0.22.1)
Requirement already satisfied: python-dotenv>=0.13 in /home/ilya/.local/lib/python3.10/site-packages (from uvicorn[standard]==0.22.0->-r /opt/catty-app/requirements.txt (line 8)) (1.2.2)
Requirement already satisfied: httptools>=0.5.0 in /home/ilya/.local/lib/python3.10/site-packages (from uvicorn[standard]==0.22.0->-r /opt/catty-app/requirements.txt (line 8)) (0.7.1)
Requirement already satisfied: greenlet<4.0.0,>=3.1.1 in /home/ilya/.local/lib/python3.10/site-packages (from playwright>=1.18->pytest-playwright==0.3.3->-r /opt/catty-app/requirements.txt (line 4)) (3.3.2)
Requirement already satisfied: pyee<14,>=13 in /home/ilya/.local/lib/python3.10/site-packages (from playwright>=1.18->pytest-playwright==0.3.3->-r /opt/catty-app/requirements.txt (line 4)) (13.0.1)
Requirement already satisfied: annotated-types>=0.6.0 in /home/ilya/.local/lib/python3.10/site-packages (from pydantic!=1.8,!=1.8.1,!=2.0.0,!=2.0.1,<3.0.0,>=1.7.4->fastapi==0.100.0->-r /opt/catty-app/requirements.txt (line 1)) (0.7.0)
Requirement already satisfied: typing-inspection>=0.4.2 in /home/ilya/.local/lib/python3.10/site-packages (from pydantic!=1.8,!=1.8.1,!=2.0.0,!=2.0.1,<3.0.0,>=1.7.4->fastapi==0.100.0->-r /opt/catty-app/requirements.txt (line 1)) (0.4.2)
Requirement already satisfied: pydantic-core==2.41.5 in /home/ilya/.local/lib/python3.10/site-packages (from pydantic!=1.8,!=1.8.1,!=2.0.0,!=2.0.1,<3.0.0,>=1.7.4->fastapi==0.100.0->-r /opt/catty-app/requirements.txt (line 1)) (2.41.5)
Requirement already satisfied: pluggy<2.0,>=0.12 in /home/ilya/.local/lib/python3.10/site-packages (from pytest<8.0.0,>=6.2.4->pytest-playwright==0.3.3->-r /opt/catty-app/requirements.txt (line 4)) (1.6.0)
Requirement already satisfied: tomli>=1.0.0 in /home/ilya/.local/lib/python3.10/site-packages (from pytest<8.0.0,>=6.2.4->pytest-playwright==0.3.3->-r /opt/catty-app/requirements.txt (line 4)) (2.4.0)
Requirement already satisfied: iniconfig in /home/ilya/.local/lib/python3.10/site-packages (from pytest<8.0.0,>=6.2.4->pytest-playwright==0.3.3->-r /opt/catty-app/requirements.txt (line 4)) (2.3.0)
Requirement already satisfied: packaging in /home/ilya/.local/lib/python3.10/site-packages (from pytest<8.0.0,>=6.2.4->pytest-playwright==0.3.3->-r /opt/catty-app/requirements.txt (line 4)) (26.0)
Requirement already satisfied: exceptiongroup>=1.0.0rc8 in /home/ilya/.local/lib/python3.10/site-packages (from pytest<8.0.0,>=6.2.4->pytest-playwright==0.3.3->-r /opt/catty-app/requirements.txt (line 4)) (1.3.1)
Requirement already satisfied: text-unidecode>=1.3 in /home/ilya/.local/lib/python3.10/site-packages (from python-slugify<9.0.0,>=6.0.0->pytest-playwright==0.3.3->-r /opt/catty-app/requirements.txt (line 4)) (1.3)
Requirement already satisfied: anyio<5,>=3.4.0 in /home/ilya/.local/lib/python3.10/site-packages (from starlette<0.28.0,>=0.27.0->fastapi==0.100.0->-r /opt/catty-app/requirements.txt (line 1)) (4.12.1)

[2026-03-15 02:52:20] ✅ Сервис catty-app перезапущен
[2026-03-15 02:52:20] 🎉 Развёртывание завершено успешно
[2026-03-15 02:58:44] 📩 Получен webhook (push), запускаем deploy в фоне
[2026-03-15 02:58:44] 🚀 Начат процесс развёртывания
[2026-03-15 02:58:45] ✅ Код обновлён: Уже актуально.
[2026-03-15 02:58:45] ℹ️ Скрипт сборки не найден, пропускаем
[2026-03-15 02:58:45] ℹ️ Тесты не настроены, продолжаем без тестов
[2026-03-15 02:58:45] ✅ Зависимости установлены:
Defaulting to user installation because normal site-packages is not writeable
Requirement already satisfied: fastapi==0.100.0 in /home/ilya/.local/lib/python3.10/site-packages (from -r /opt/catty-app/requirements.txt (line 1)) (0.100.0)
Requirement already satisfied: Jinja2==3.1.2 in /home/ilya/.local/lib/python3.10/site-packages (from -r /opt/catty-app/requirements.txt (line 2)) (3.1.2)
Requirement already satisfied: PyJWT==2.7.0 in /home/ilya/.local/lib/python3.10/site-packages (from -r /opt/catty-app/requirements.txt (line 3)) (2.7.0)
Requirement already satisfied: pytest-playwright==0.3.3 in /home/ilya/.local/lib/python3.10/site-packages (from -r /opt/catty-app/requirements.txt (line 4)) (0.3.3)
Requirement already satisfied: python-multipart==0.0.6 in /home/ilya/.local/lib/python3.10/site-packages (from -r /opt/catty-app/requirements.txt (line 5)) (0.0.6)
Requirement already satisfied: requests==2.31.0 in /home/ilya/.local/lib/python3.10/site-packages (from -r /opt/catty-app/requirements.txt (line 6)) (2.31.0)
Requirement already satisfied: tinydb==4.8.0 in /home/ilya/.local/lib/python3.10/site-packages (from -r /opt/catty-app/requirements.txt (line 7)) (4.8.0)
Requirement already satisfied: uvicorn[standard]==0.22.0 in /home/ilya/.local/lib/python3.10/site-packages (from -r /opt/catty-app/requirements.txt (line 8)) (0.22.0)
Requirement already satisfied: typing-extensions>=4.5.0 in /home/ilya/.local/lib/python3.10/site-packages (from fastapi==0.100.0->-r /opt/catty-app/requirements.txt (line 1)) (4.15.0)
Requirement already satisfied: pydantic!=1.8,!=1.8.1,!=2.0.0,!=2.0.1,<3.0.0,>=1.7.4 in /home/ilya/.local/lib/python3.10/site-packages (from fastapi==0.100.0->-r /opt/catty-app/requirements.txt (line 1)) (2.12.5)
Requirement already satisfied: starlette<0.28.0,>=0.27.0 in /home/ilya/.local/lib/python3.10/site-packages (from fastapi==0.100.0->-r /opt/catty-app/requirements.txt (line 1)) (0.27.0)
Requirement already satisfied: MarkupSafe>=2.0 in /home/ilya/.local/lib/python3.10/site-packages (from Jinja2==3.1.2->-r /opt/catty-app/requirements.txt (line 2)) (3.0.3)
Requirement already satisfied: playwright>=1.18 in /home/ilya/.local/lib/python3.10/site-packages (from pytest-playwright==0.3.3->-r /opt/catty-app/requirements.txt (line 4)) (1.58.0)
Requirement already satisfied: pytest<8.0.0,>=6.2.4 in /home/ilya/.local/lib/python3.10/site-packages (from pytest-playwright==0.3.3->-r /opt/catty-app/requirements.txt (line 4)) (7.4.4)
Requirement already satisfied: pytest-base-url<3.0.0,>=1.0.0 in /home/ilya/.local/lib/python3.10/site-packages (from pytest-playwright==0.3.3->-r /opt/catty-app/requirements.txt (line 4)) (2.1.0)
Requirement already satisfied: python-slugify<9.0.0,>=6.0.0 in /home/ilya/.local/lib/python3.10/site-packages (from pytest-playwright==0.3.3->-r /opt/catty-app/requirements.txt (line 4)) (8.0.4)
Requirement already satisfied: certifi>=2017.4.17 in /usr/lib/python3/dist-packages (from requests==2.31.0->-r /opt/catty-app/requirements.txt (line 6)) (2020.6.20)
Requirement already satisfied: charset-normalizer<4,>=2 in /home/ilya/.local/lib/python3.10/site-packages (from requests==2.31.0->-r /opt/catty-app/requirements.txt (line 6)) (3.4.5)
Requirement already satisfied: idna<4,>=2.5 in /usr/lib/python3/dist-packages (from requests==2.31.0->-r /opt/catty-app/requirements.txt (line 6)) (3.3)
Requirement already satisfied: urllib3<3,>=1.21.1 in /usr/lib/python3/dist-packages (from requests==2.31.0->-r /opt/catty-app/requirements.txt (line 6)) (1.26.5)
Requirement already satisfied: click>=7.0 in /home/ilya/.local/lib/python3.10/site-packages (from uvicorn[standard]==0.22.0->-r /opt/catty-app/requirements.txt (line 8)) (8.3.1)
Requirement already satisfied: h11>=0.8 in /home/ilya/.local/lib/python3.10/site-packages (from uvicorn[standard]==0.22.0->-r /opt/catty-app/requirements.txt (line 8)) (0.16.0)
Requirement already satisfied: python-dotenv>=0.13 in /home/ilya/.local/lib/python3.10/site-packages (from uvicorn[standard]==0.22.0->-r /opt/catty-app/requirements.txt (line 8)) (1.2.2)
Requirement already satisfied: pyyaml>=5.1 in /usr/lib/python3/dist-packages (from uvicorn[standard]==0.22.0->-r /opt/catty-app/requirements.txt (line 8)) (5.4.1)
Requirement already satisfied: uvloop!=0.15.0,!=0.15.1,>=0.14.0 in /home/ilya/.local/lib/python3.10/site-packages (from uvicorn[standard]==0.22.0->-r /opt/catty-app/requirements.txt (line 8)) (0.22.1)
Requirement already satisfied: websockets>=10.4 in /home/ilya/.local/lib/python3.10/site-packages (from uvicorn[standard]==0.22.0->-r /opt/catty-app/requirements.txt (line 8)) (16.0)
Requirement already satisfied: watchfiles>=0.13 in /home/ilya/.local/lib/python3.10/site-packages (from uvicorn[standard]==0.22.0->-r /opt/catty-app/requirements.txt (line 8)) (1.1.1)
Requirement already satisfied: httptools>=0.5.0 in /home/ilya/.local/lib/python3.10/site-packages (from uvicorn[standard]==0.22.0->-r /opt/catty-app/requirements.txt (line 8)) (0.7.1)
Requirement already satisfied: greenlet<4.0.0,>=3.1.1 in /home/ilya/.local/lib/python3.10/site-packages (from playwright>=1.18->pytest-playwright==0.3.3->-r /opt/catty-app/requirements.txt (line 4)) (3.3.2)
Requirement already satisfied: pyee<14,>=13 in /home/ilya/.local/lib/python3.10/site-packages (from playwright>=1.18->pytest-playwright==0.3.3->-r /opt/catty-app/requirements.txt (line 4)) (13.0.1)
Requirement already satisfied: typing-inspection>=0.4.2 in /home/ilya/.local/lib/python3.10/site-packages (from pydantic!=1.8,!=1.8.1,!=2.0.0,!=2.0.1,<3.0.0,>=1.7.4->fastapi==0.100.0->-r /opt/catty-app/requirements.txt (line 1)) (0.4.2)
Requirement already satisfied: pydantic-core==2.41.5 in /home/ilya/.local/lib/python3.10/site-packages (from pydantic!=1.8,!=1.8.1,!=2.0.0,!=2.0.1,<3.0.0,>=1.7.4->fastapi==0.100.0->-r /opt/catty-app/requirements.txt (line 1)) (2.41.5)
Requirement already satisfied: annotated-types>=0.6.0 in /home/ilya/.local/lib/python3.10/site-packages (from pydantic!=1.8,!=1.8.1,!=2.0.0,!=2.0.1,<3.0.0,>=1.7.4->fastapi==0.100.0->-r /opt/catty-app/requirements.txt (line 1)) (0.7.0)
Requirement already satisfied: pluggy<2.0,>=0.12 in /home/ilya/.local/lib/python3.10/site-packages (from pytest<8.0.0,>=6.2.4->pytest-playwright==0.3.3->-r /opt/catty-app/requirements.txt (line 4)) (1.6.0)
Requirement already satisfied: tomli>=1.0.0 in /home/ilya/.local/lib/python3.10/site-packages (from pytest<8.0.0,>=6.2.4->pytest-playwright==0.3.3->-r /opt/catty-app/requirements.txt (line 4)) (2.4.0)
Requirement already satisfied: iniconfig in /home/ilya/.local/lib/python3.10/site-packages (from pytest<8.0.0,>=6.2.4->pytest-playwright==0.3.3->-r /opt/catty-app/requirements.txt (line 4)) (2.3.0)
Requirement already satisfied: exceptiongroup>=1.0.0rc8 in /home/ilya/.local/lib/python3.10/site-packages (from pytest<8.0.0,>=6.2.4->pytest-playwright==0.3.3->-r /opt/catty-app/requirements.txt (line 4)) (1.3.1)
Requirement already satisfied: packaging in /home/ilya/.local/lib/python3.10/site-packages (from pytest<8.0.0,>=6.2.4->pytest-playwright==0.3.3->-r /opt/catty-app/requirements.txt (line 4)) (26.0)
Requirement already satisfied: text-unidecode>=1.3 in /home/ilya/.local/lib/python3.10/site-packages (from python-slugify<9.0.0,>=6.0.0->pytest-playwright==0.3.3->-r /opt/catty-app/requirements.txt (line 4)) (1.3)
Requirement already satisfied: anyio<5,>=3.4.0 in /home/ilya/.local/lib/python3.10/site-packages (from starlette<0.28.0,>=0.27.0->fastapi==0.100.0->-r /opt/catty-app/requirements.txt (line 1)) (4.12.1)

[2026-03-15 02:58:45] ✅ Сервис catty-app перезапущен
[2026-03-15 02:58:45] 🎉 Развёртывание завершено успешно
[2026-03-15 03:02:49] 📩 Получен webhook (push), запускаем deploy в фоне
[2026-03-15 03:02:49] 🚀 Начат процесс развёртывания
[2026-03-15 03:02:50] ✅ Код обновлён: Уже актуально.
[2026-03-15 03:02:50] ℹ️ Скрипт сборки не найден, пропускаем
[2026-03-15 03:02:50] ℹ️ Тесты не настроены, продолжаем без тестов
[2026-03-15 03:02:51] ✅ Зависимости установлены:
Defaulting to user installation because normal site-packages is not writeable
Requirement already satisfied: fastapi==0.100.0 in /home/ilya/.local/lib/python3.10/site-packages (from -r /opt/catty-app/requirements.txt (line 1)) (0.100.0)
Requirement already satisfied: Jinja2==3.1.2 in /home/ilya/.local/lib/python3.10/site-packages (from -r /opt/catty-app/requirements.txt (line 2)) (3.1.2)
Requirement already satisfied: PyJWT==2.7.0 in /home/ilya/.local/lib/python3.10/site-packages (from -r /opt/catty-app/requirements.txt (line 3)) (2.7.0)
Requirement already satisfied: pytest-playwright==0.3.3 in /home/ilya/.local/lib/python3.10/site-packages (from -r /opt/catty-app/requirements.txt (line 4)) (0.3.3)
Requirement already satisfied: python-multipart==0.0.6 in /home/ilya/.local/lib/python3.10/site-packages (from -r /opt/catty-app/requirements.txt (line 5)) (0.0.6)
Requirement already satisfied: requests==2.31.0 in /home/ilya/.local/lib/python3.10/site-packages (from -r /opt/catty-app/requirements.txt (line 6)) (2.31.0)
Requirement already satisfied: tinydb==4.8.0 in /home/ilya/.local/lib/python3.10/site-packages (from -r /opt/catty-app/requirements.txt (line 7)) (4.8.0)
Requirement already satisfied: uvicorn[standard]==0.22.0 in /home/ilya/.local/lib/python3.10/site-packages (from -r /opt/catty-app/requirements.txt (line 8)) (0.22.0)
Requirement already satisfied: typing-extensions>=4.5.0 in /home/ilya/.local/lib/python3.10/site-packages (from fastapi==0.100.0->-r /opt/catty-app/requirements.txt (line 1)) (4.15.0)
Requirement already satisfied: pydantic!=1.8,!=1.8.1,!=2.0.0,!=2.0.1,<3.0.0,>=1.7.4 in /home/ilya/.local/lib/python3.10/site-packages (from fastapi==0.100.0->-r /opt/catty-app/requirements.txt (line 1)) (2.12.5)
Requirement already satisfied: starlette<0.28.0,>=0.27.0 in /home/ilya/.local/lib/python3.10/site-packages (from fastapi==0.100.0->-r /opt/catty-app/requirements.txt (line 1)) (0.27.0)
Requirement already satisfied: MarkupSafe>=2.0 in /home/ilya/.local/lib/python3.10/site-packages (from Jinja2==3.1.2->-r /opt/catty-app/requirements.txt (line 2)) (3.0.3)
Requirement already satisfied: playwright>=1.18 in /home/ilya/.local/lib/python3.10/site-packages (from pytest-playwright==0.3.3->-r /opt/catty-app/requirements.txt (line 4)) (1.58.0)
Requirement already satisfied: pytest-base-url<3.0.0,>=1.0.0 in /home/ilya/.local/lib/python3.10/site-packages (from pytest-playwright==0.3.3->-r /opt/catty-app/requirements.txt (line 4)) (2.1.0)
Requirement already satisfied: python-slugify<9.0.0,>=6.0.0 in /home/ilya/.local/lib/python3.10/site-packages (from pytest-playwright==0.3.3->-r /opt/catty-app/requirements.txt (line 4)) (8.0.4)
Requirement already satisfied: pytest<8.0.0,>=6.2.4 in /home/ilya/.local/lib/python3.10/site-packages (from pytest-playwright==0.3.3->-r /opt/catty-app/requirements.txt (line 4)) (7.4.4)
Requirement already satisfied: charset-normalizer<4,>=2 in /home/ilya/.local/lib/python3.10/site-packages (from requests==2.31.0->-r /opt/catty-app/requirements.txt (line 6)) (3.4.5)
Requirement already satisfied: certifi>=2017.4.17 in /usr/lib/python3/dist-packages (from requests==2.31.0->-r /opt/catty-app/requirements.txt (line 6)) (2020.6.20)
Requirement already satisfied: urllib3<3,>=1.21.1 in /usr/lib/python3/dist-packages (from requests==2.31.0->-r /opt/catty-app/requirements.txt (line 6)) (1.26.5)
Requirement already satisfied: idna<4,>=2.5 in /usr/lib/python3/dist-packages (from requests==2.31.0->-r /opt/catty-app/requirements.txt (line 6)) (3.3)
Requirement already satisfied: h11>=0.8 in /home/ilya/.local/lib/python3.10/site-packages (from uvicorn[standard]==0.22.0->-r /opt/catty-app/requirements.txt (line 8)) (0.16.0)
Requirement already satisfied: click>=7.0 in /home/ilya/.local/lib/python3.10/site-packages (from uvicorn[standard]==0.22.0->-r /opt/catty-app/requirements.txt (line 8)) (8.3.1)
Requirement already satisfied: pyyaml>=5.1 in /usr/lib/python3/dist-packages (from uvicorn[standard]==0.22.0->-r /opt/catty-app/requirements.txt (line 8)) (5.4.1)
Requirement already satisfied: websockets>=10.4 in /home/ilya/.local/lib/python3.10/site-packages (from uvicorn[standard]==0.22.0->-r /opt/catty-app/requirements.txt (line 8)) (16.0)
Requirement already satisfied: python-dotenv>=0.13 in /home/ilya/.local/lib/python3.10/site-packages (from uvicorn[standard]==0.22.0->-r /opt/catty-app/requirements.txt (line 8)) (1.2.2)
Requirement already satisfied: watchfiles>=0.13 in /home/ilya/.local/lib/python3.10/site-packages (from uvicorn[standard]==0.22.0->-r /opt/catty-app/requirements.txt (line 8)) (1.1.1)
Requirement already satisfied: httptools>=0.5.0 in /home/ilya/.local/lib/python3.10/site-packages (from uvicorn[standard]==0.22.0->-r /opt/catty-app/requirements.txt (line 8)) (0.7.1)
Requirement already satisfied: uvloop!=0.15.0,!=0.15.1,>=0.14.0 in /home/ilya/.local/lib/python3.10/site-packages (from uvicorn[standard]==0.22.0->-r /opt/catty-app/requirements.txt (line 8)) (0.22.1)
Requirement already satisfied: greenlet<4.0.0,>=3.1.1 in /home/ilya/.local/lib/python3.10/site-packages (from playwright>=1.18->pytest-playwright==0.3.3->-r /opt/catty-app/requirements.txt (line 4)) (3.3.2)
Requirement already satisfied: pyee<14,>=13 in /home/ilya/.local/lib/python3.10/site-packages (from playwright>=1.18->pytest-playwright==0.3.3->-r /opt/catty-app/requirements.txt (line 4)) (13.0.1)
Requirement already satisfied: typing-inspection>=0.4.2 in /home/ilya/.local/lib/python3.10/site-packages (from pydantic!=1.8,!=1.8.1,!=2.0.0,!=2.0.1,<3.0.0,>=1.7.4->fastapi==0.100.0->-r /opt/catty-app/requirements.txt (line 1)) (0.4.2)
Requirement already satisfied: pydantic-core==2.41.5 in /home/ilya/.local/lib/python3.10/site-packages (from pydantic!=1.8,!=1.8.1,!=2.0.0,!=2.0.1,<3.0.0,>=1.7.4->fastapi==0.100.0->-r /opt/catty-app/requirements.txt (line 1)) (2.41.5)
Requirement already satisfied: annotated-types>=0.6.0 in /home/ilya/.local/lib/python3.10/site-packages (from pydantic!=1.8,!=1.8.1,!=2.0.0,!=2.0.1,<3.0.0,>=1.7.4->fastapi==0.100.0->-r /opt/catty-app/requirements.txt (line 1)) (0.7.0)
Requirement already satisfied: pluggy<2.0,>=0.12 in /home/ilya/.local/lib/python3.10/site-packages (from pytest<8.0.0,>=6.2.4->pytest-playwright==0.3.3->-r /opt/catty-app/requirements.txt (line 4)) (1.6.0)
Requirement already satisfied: iniconfig in /home/ilya/.local/lib/python3.10/site-packages (from pytest<8.0.0,>=6.2.4->pytest-playwright==0.3.3->-r /opt/catty-app/requirements.txt (line 4)) (2.3.0)
Requirement already satisfied: exceptiongroup>=1.0.0rc8 in /home/ilya/.local/lib/python3.10/site-packages (from pytest<8.0.0,>=6.2.4->pytest-playwright==0.3.3->-r /opt/catty-app/requirements.txt (line 4)) (1.3.1)
Requirement already satisfied: packaging in /home/ilya/.local/lib/python3.10/site-packages (from pytest<8.0.0,>=6.2.4->pytest-playwright==0.3.3->-r /opt/catty-app/requirements.txt (line 4)) (26.0)
Requirement already satisfied: tomli>=1.0.0 in /home/ilya/.local/lib/python3.10/site-packages (from pytest<8.0.0,>=6.2.4->pytest-playwright==0.3.3->-r /opt/catty-app/requirements.txt (line 4)) (2.4.0)
Requirement already satisfied: text-unidecode>=1.3 in /home/ilya/.local/lib/python3.10/site-packages (from python-slugify<9.0.0,>=6.0.0->pytest-playwright==0.3.3->-r /opt/catty-app/requirements.txt (line 4)) (1.3)
Requirement already satisfied: anyio<5,>=3.4.0 in /home/ilya/.local/lib/python3.10/site-packages (from starlette<0.28.0,>=0.27.0->fastapi==0.100.0->-r /opt/catty-app/requirements.txt (line 1)) (4.12.1)

[2026-03-15 03:02:52] ✅ Сервис catty-app перезапущен
[2026-03-15 03:02:52] 🎉 Развёртывание завершено успешно
[2026-03-15 03:06:05] 📩 Получен webhook (push), запускаем deploy в фоне
[2026-03-15 03:06:06] 🚀 Начат процесс развёртывания
[2026-03-15 03:06:07] ✅ Код обновлён: Уже актуально.
[2026-03-15 03:06:07] ✅ Сборка выполнена:
🔧 Сборка приложения...
✅ Сборка завершена успешно

[2026-03-15 03:06:07] ✅ Тесты (test.sh) пройдены:
🧪 Запуск тестов...
pytest не найден, проверяем синтаксис
✅ Синтаксис корректен

[2026-03-15 03:06:07] ✅ Зависимости установлены:
Defaulting to user installation because normal site-packages is not writeable
Requirement already satisfied: fastapi==0.100.0 in /home/ilya/.local/lib/python3.10/site-packages (from -r /opt/catty-app/requirements.txt (line 1)) (0.100.0)
Requirement already satisfied: Jinja2==3.1.2 in /home/ilya/.local/lib/python3.10/site-packages (from -r /opt/catty-app/requirements.txt (line 2)) (3.1.2)
Requirement already satisfied: PyJWT==2.7.0 in /home/ilya/.local/lib/python3.10/site-packages (from -r /opt/catty-app/requirements.txt (line 3)) (2.7.0)
Requirement already satisfied: pytest-playwright==0.3.3 in /home/ilya/.local/lib/python3.10/site-packages (from -r /opt/catty-app/requirements.txt (line 4)) (0.3.3)
Requirement already satisfied: python-multipart==0.0.6 in /home/ilya/.local/lib/python3.10/site-packages (from -r /opt/catty-app/requirements.txt (line 5)) (0.0.6)
Requirement already satisfied: requests==2.31.0 in /home/ilya/.local/lib/python3.10/site-packages (from -r /opt/catty-app/requirements.txt (line 6)) (2.31.0)
Requirement already satisfied: tinydb==4.8.0 in /home/ilya/.local/lib/python3.10/site-packages (from -r /opt/catty-app/requirements.txt (line 7)) (4.8.0)
Requirement already satisfied: uvicorn[standard]==0.22.0 in /home/ilya/.local/lib/python3.10/site-packages (from -r /opt/catty-app/requirements.txt (line 8)) (0.22.0)
Requirement already satisfied: typing-extensions>=4.5.0 in /home/ilya/.local/lib/python3.10/site-packages (from fastapi==0.100.0->-r /opt/catty-app/requirements.txt (line 1)) (4.15.0)
Requirement already satisfied: starlette<0.28.0,>=0.27.0 in /home/ilya/.local/lib/python3.10/site-packages (from fastapi==0.100.0->-r /opt/catty-app/requirements.txt (line 1)) (0.27.0)
Requirement already satisfied: pydantic!=1.8,!=1.8.1,!=2.0.0,!=2.0.1,<3.0.0,>=1.7.4 in /home/ilya/.local/lib/python3.10/site-packages (from fastapi==0.100.0->-r /opt/catty-app/requirements.txt (line 1)) (2.12.5)
Requirement already satisfied: MarkupSafe>=2.0 in /home/ilya/.local/lib/python3.10/site-packages (from Jinja2==3.1.2->-r /opt/catty-app/requirements.txt (line 2)) (3.0.3)
Requirement already satisfied: pytest-base-url<3.0.0,>=1.0.0 in /home/ilya/.local/lib/python3.10/site-packages (from pytest-playwright==0.3.3->-r /opt/catty-app/requirements.txt (line 4)) (2.1.0)
Requirement already satisfied: pytest<8.0.0,>=6.2.4 in /home/ilya/.local/lib/python3.10/site-packages (from pytest-playwright==0.3.3->-r /opt/catty-app/requirements.txt (line 4)) (7.4.4)
Requirement already satisfied: python-slugify<9.0.0,>=6.0.0 in /home/ilya/.local/lib/python3.10/site-packages (from pytest-playwright==0.3.3->-r /opt/catty-app/requirements.txt (line 4)) (8.0.4)
Requirement already satisfied: playwright>=1.18 in /home/ilya/.local/lib/python3.10/site-packages (from pytest-playwright==0.3.3->-r /opt/catty-app/requirements.txt (line 4)) (1.58.0)
Requirement already satisfied: certifi>=2017.4.17 in /usr/lib/python3/dist-packages (from requests==2.31.0->-r /opt/catty-app/requirements.txt (line 6)) (2020.6.20)
Requirement already satisfied: urllib3<3,>=1.21.1 in /usr/lib/python3/dist-packages (from requests==2.31.0->-r /opt/catty-app/requirements.txt (line 6)) (1.26.5)
Requirement already satisfied: charset-normalizer<4,>=2 in /home/ilya/.local/lib/python3.10/site-packages (from requests==2.31.0->-r /opt/catty-app/requirements.txt (line 6)) (3.4.5)
Requirement already satisfied: idna<4,>=2.5 in /usr/lib/python3/dist-packages (from requests==2.31.0->-r /opt/catty-app/requirements.txt (line 6)) (3.3)
Requirement already satisfied: click>=7.0 in /home/ilya/.local/lib/python3.10/site-packages (from uvicorn[standard]==0.22.0->-r /opt/catty-app/requirements.txt (line 8)) (8.3.1)
Requirement already satisfied: h11>=0.8 in /home/ilya/.local/lib/python3.10/site-packages (from uvicorn[standard]==0.22.0->-r /opt/catty-app/requirements.txt (line 8)) (0.16.0)
Requirement already satisfied: uvloop!=0.15.0,!=0.15.1,>=0.14.0 in /home/ilya/.local/lib/python3.10/site-packages (from uvicorn[standard]==0.22.0->-r /opt/catty-app/requirements.txt (line 8)) (0.22.1)
Requirement already satisfied: watchfiles>=0.13 in /home/ilya/.local/lib/python3.10/site-packages (from uvicorn[standard]==0.22.0->-r /opt/catty-app/requirements.txt (line 8)) (1.1.1)
Requirement already satisfied: pyyaml>=5.1 in /usr/lib/python3/dist-packages (from uvicorn[standard]==0.22.0->-r /opt/catty-app/requirements.txt (line 8)) (5.4.1)
Requirement already satisfied: python-dotenv>=0.13 in /home/ilya/.local/lib/python3.10/site-packages (from uvicorn[standard]==0.22.0->-r /opt/catty-app/requirements.txt (line 8)) (1.2.2)
Requirement already satisfied: websockets>=10.4 in /home/ilya/.local/lib/python3.10/site-packages (from uvicorn[standard]==0.22.0->-r /opt/catty-app/requirements.txt (line 8)) (16.0)
Requirement already satisfied: httptools>=0.5.0 in /home/ilya/.local/lib/python3.10/site-packages (from uvicorn[standard]==0.22.0->-r /opt/catty-app/requirements.txt (line 8)) (0.7.1)
Requirement already satisfied: pyee<14,>=13 in /home/ilya/.local/lib/python3.10/site-packages (from playwright>=1.18->pytest-playwright==0.3.3->-r /opt/catty-app/requirements.txt (line 4)) (13.0.1)
Requirement already satisfied: greenlet<4.0.0,>=3.1.1 in /home/ilya/.local/lib/python3.10/site-packages (from playwright>=1.18->pytest-playwright==0.3.3->-r /opt/catty-app/requirements.txt (line 4)) (3.3.2)
Requirement already satisfied: annotated-types>=0.6.0 in /home/ilya/.local/lib/python3.10/site-packages (from pydantic!=1.8,!=1.8.1,!=2.0.0,!=2.0.1,<3.0.0,>=1.7.4->fastapi==0.100.0->-r /opt/catty-app/requirements.txt (line 1)) (0.7.0)
Requirement already satisfied: pydantic-core==2.41.5 in /home/ilya/.local/lib/python3.10/site-packages (from pydantic!=1.8,!=1.8.1,!=2.0.0,!=2.0.1,<3.0.0,>=1.7.4->fastapi==0.100.0->-r /opt/catty-app/requirements.txt (line 1)) (2.41.5)
Requirement already satisfied: typing-inspection>=0.4.2 in /home/ilya/.local/lib/python3.10/site-packages (from pydantic!=1.8,!=1.8.1,!=2.0.0,!=2.0.1,<3.0.0,>=1.7.4->fastapi==0.100.0->-r /opt/catty-app/requirements.txt (line 1)) (0.4.2)
Requirement already satisfied: packaging in /home/ilya/.local/lib/python3.10/site-packages (from pytest<8.0.0,>=6.2.4->pytest-playwright==0.3.3->-r /opt/catty-app/requirements.txt (line 4)) (26.0)
Requirement already satisfied: tomli>=1.0.0 in /home/ilya/.local/lib/python3.10/site-packages (from pytest<8.0.0,>=6.2.4->pytest-playwright==0.3.3->-r /opt/catty-app/requirements.txt (line 4)) (2.4.0)
Requirement already satisfied: pluggy<2.0,>=0.12 in /home/ilya/.local/lib/python3.10/site-packages (from pytest<8.0.0,>=6.2.4->pytest-playwright==0.3.3->-r /opt/catty-app/requirements.txt (line 4)) (1.6.0)
Requirement already satisfied: exceptiongroup>=1.0.0rc8 in /home/ilya/.local/lib/python3.10/site-packages (from pytest<8.0.0,>=6.2.4->pytest-playwright==0.3.3->-r /opt/catty-app/requirements.txt (line 4)) (1.3.1)
Requirement already satisfied: iniconfig in /home/ilya/.local/lib/python3.10/site-packages (from pytest<8.0.0,>=6.2.4->pytest-playwright==0.3.3->-r /opt/catty-app/requirements.txt (line 4)) (2.3.0)
Requirement already satisfied: text-unidecode>=1.3 in /home/ilya/.local/lib/python3.10/site-packages (from python-slugify<9.0.0,>=6.0.0->pytest-playwright==0.3.3->-r /opt/catty-app/requirements.txt (line 4)) (1.3)
Requirement already satisfied: anyio<5,>=3.4.0 in /home/ilya/.local/lib/python3.10/site-packages (from starlette<0.28.0,>=0.27.0->fastapi==0.100.0->-r /opt/catty-app/requirements.txt (line 1)) (4.12.1)

[2026-03-15 03:06:08] ✅ Сервис catty-app перезапущен
[2026-03-15 03:06:08] 🎉 Развёртывание завершено успешно
[2026-03-15 03:10:51] 📩 Получен webhook (push), запускаем deploy в фоне
[2026-03-15 03:10:51] 🚀 Начат процесс развёртывания
[2026-03-15 03:10:52] ✅ Код обновлён: Уже актуально.
[2026-03-15 03:10:52] ✅ Сборка выполнена:
🔧 Сборка приложения...
✅ Сборка завершена успешно

[2026-03-15 03:10:52] ✅ Тесты (test.sh) пройдены:
🧪 Запуск тестов...
pytest не найден, проверяем синтаксис
✅ Синтаксис корректен

[2026-03-15 03:10:52] ✅ Зависимости установлены:
Defaulting to user installation because normal site-packages is not writeable
Requirement already satisfied: fastapi==0.100.0 in /home/ilya/.local/lib/python3.10/site-packages (from -r /opt/catty-app/requirements.txt (line 1)) (0.100.0)
Requirement already satisfied: Jinja2==3.1.2 in /home/ilya/.local/lib/python3.10/site-packages (from -r /opt/catty-app/requirements.txt (line 2)) (3.1.2)
Requirement already satisfied: PyJWT==2.7.0 in /home/ilya/.local/lib/python3.10/site-packages (from -r /opt/catty-app/requirements.txt (line 3)) (2.7.0)
Requirement already satisfied: pytest-playwright==0.3.3 in /home/ilya/.local/lib/python3.10/site-packages (from -r /opt/catty-app/requirements.txt (line 4)) (0.3.3)
Requirement already satisfied: python-multipart==0.0.6 in /home/ilya/.local/lib/python3.10/site-packages (from -r /opt/catty-app/requirements.txt (line 5)) (0.0.6)
Requirement already satisfied: requests==2.31.0 in /home/ilya/.local/lib/python3.10/site-packages (from -r /opt/catty-app/requirements.txt (line 6)) (2.31.0)
Requirement already satisfied: tinydb==4.8.0 in /home/ilya/.local/lib/python3.10/site-packages (from -r /opt/catty-app/requirements.txt (line 7)) (4.8.0)
Requirement already satisfied: uvicorn[standard]==0.22.0 in /home/ilya/.local/lib/python3.10/site-packages (from -r /opt/catty-app/requirements.txt (line 8)) (0.22.0)
Requirement already satisfied: pydantic!=1.8,!=1.8.1,!=2.0.0,!=2.0.1,<3.0.0,>=1.7.4 in /home/ilya/.local/lib/python3.10/site-packages (from fastapi==0.100.0->-r /opt/catty-app/requirements.txt (line 1)) (2.12.5)
Requirement already satisfied: starlette<0.28.0,>=0.27.0 in /home/ilya/.local/lib/python3.10/site-packages (from fastapi==0.100.0->-r /opt/catty-app/requirements.txt (line 1)) (0.27.0)
Requirement already satisfied: typing-extensions>=4.5.0 in /home/ilya/.local/lib/python3.10/site-packages (from fastapi==0.100.0->-r /opt/catty-app/requirements.txt (line 1)) (4.15.0)
Requirement already satisfied: MarkupSafe>=2.0 in /home/ilya/.local/lib/python3.10/site-packages (from Jinja2==3.1.2->-r /opt/catty-app/requirements.txt (line 2)) (3.0.3)
Requirement already satisfied: pytest<8.0.0,>=6.2.4 in /home/ilya/.local/lib/python3.10/site-packages (from pytest-playwright==0.3.3->-r /opt/catty-app/requirements.txt (line 4)) (7.4.4)
Requirement already satisfied: python-slugify<9.0.0,>=6.0.0 in /home/ilya/.local/lib/python3.10/site-packages (from pytest-playwright==0.3.3->-r /opt/catty-app/requirements.txt (line 4)) (8.0.4)
Requirement already satisfied: playwright>=1.18 in /home/ilya/.local/lib/python3.10/site-packages (from pytest-playwright==0.3.3->-r /opt/catty-app/requirements.txt (line 4)) (1.58.0)
Requirement already satisfied: pytest-base-url<3.0.0,>=1.0.0 in /home/ilya/.local/lib/python3.10/site-packages (from pytest-playwright==0.3.3->-r /opt/catty-app/requirements.txt (line 4)) (2.1.0)
Requirement already satisfied: idna<4,>=2.5 in /usr/lib/python3/dist-packages (from requests==2.31.0->-r /opt/catty-app/requirements.txt (line 6)) (3.3)
Requirement already satisfied: urllib3<3,>=1.21.1 in /usr/lib/python3/dist-packages (from requests==2.31.0->-r /opt/catty-app/requirements.txt (line 6)) (1.26.5)
Requirement already satisfied: certifi>=2017.4.17 in /usr/lib/python3/dist-packages (from requests==2.31.0->-r /opt/catty-app/requirements.txt (line 6)) (2020.6.20)
Requirement already satisfied: charset-normalizer<4,>=2 in /home/ilya/.local/lib/python3.10/site-packages (from requests==2.31.0->-r /opt/catty-app/requirements.txt (line 6)) (3.4.5)
Requirement already satisfied: h11>=0.8 in /home/ilya/.local/lib/python3.10/site-packages (from uvicorn[standard]==0.22.0->-r /opt/catty-app/requirements.txt (line 8)) (0.16.0)
Requirement already satisfied: click>=7.0 in /home/ilya/.local/lib/python3.10/site-packages (from uvicorn[standard]==0.22.0->-r /opt/catty-app/requirements.txt (line 8)) (8.3.1)
Requirement already satisfied: httptools>=0.5.0 in /home/ilya/.local/lib/python3.10/site-packages (from uvicorn[standard]==0.22.0->-r /opt/catty-app/requirements.txt (line 8)) (0.7.1)
Requirement already satisfied: pyyaml>=5.1 in /usr/lib/python3/dist-packages (from uvicorn[standard]==0.22.0->-r /opt/catty-app/requirements.txt (line 8)) (5.4.1)
Requirement already satisfied: python-dotenv>=0.13 in /home/ilya/.local/lib/python3.10/site-packages (from uvicorn[standard]==0.22.0->-r /opt/catty-app/requirements.txt (line 8)) (1.2.2)
Requirement already satisfied: uvloop!=0.15.0,!=0.15.1,>=0.14.0 in /home/ilya/.local/lib/python3.10/site-packages (from uvicorn[standard]==0.22.0->-r /opt/catty-app/requirements.txt (line 8)) (0.22.1)
Requirement already satisfied: websockets>=10.4 in /home/ilya/.local/lib/python3.10/site-packages (from uvicorn[standard]==0.22.0->-r /opt/catty-app/requirements.txt (line 8)) (16.0)
Requirement already satisfied: watchfiles>=0.13 in /home/ilya/.local/lib/python3.10/site-packages (from uvicorn[standard]==0.22.0->-r /opt/catty-app/requirements.txt (line 8)) (1.1.1)
Requirement already satisfied: greenlet<4.0.0,>=3.1.1 in /home/ilya/.local/lib/python3.10/site-packages (from playwright>=1.18->pytest-playwright==0.3.3->-r /opt/catty-app/requirements.txt (line 4)) (3.3.2)
Requirement already satisfied: pyee<14,>=13 in /home/ilya/.local/lib/python3.10/site-packages (from playwright>=1.18->pytest-playwright==0.3.3->-r /opt/catty-app/requirements.txt (line 4)) (13.0.1)
Requirement already satisfied: typing-inspection>=0.4.2 in /home/ilya/.local/lib/python3.10/site-packages (from pydantic!=1.8,!=1.8.1,!=2.0.0,!=2.0.1,<3.0.0,>=1.7.4->fastapi==0.100.0->-r /opt/catty-app/requirements.txt (line 1)) (0.4.2)
Requirement already satisfied: pydantic-core==2.41.5 in /home/ilya/.local/lib/python3.10/site-packages (from pydantic!=1.8,!=1.8.1,!=2.0.0,!=2.0.1,<3.0.0,>=1.7.4->fastapi==0.100.0->-r /opt/catty-app/requirements.txt (line 1)) (2.41.5)
Requirement already satisfied: annotated-types>=0.6.0 in /home/ilya/.local/lib/python3.10/site-packages (from pydantic!=1.8,!=1.8.1,!=2.0.0,!=2.0.1,<3.0.0,>=1.7.4->fastapi==0.100.0->-r /opt/catty-app/requirements.txt (line 1)) (0.7.0)
Requirement already satisfied: tomli>=1.0.0 in /home/ilya/.local/lib/python3.10/site-packages (from pytest<8.0.0,>=6.2.4->pytest-playwright==0.3.3->-r /opt/catty-app/requirements.txt (line 4)) (2.4.0)
Requirement already satisfied: exceptiongroup>=1.0.0rc8 in /home/ilya/.local/lib/python3.10/site-packages (from pytest<8.0.0,>=6.2.4->pytest-playwright==0.3.3->-r /opt/catty-app/requirements.txt (line 4)) (1.3.1)
Requirement already satisfied: pluggy<2.0,>=0.12 in /home/ilya/.local/lib/python3.10/site-packages (from pytest<8.0.0,>=6.2.4->pytest-playwright==0.3.3->-r /opt/catty-app/requirements.txt (line 4)) (1.6.0)
Requirement already satisfied: iniconfig in /home/ilya/.local/lib/python3.10/site-packages (from pytest<8.0.0,>=6.2.4->pytest-playwright==0.3.3->-r /opt/catty-app/requirements.txt (line 4)) (2.3.0)
Requirement already satisfied: packaging in /home/ilya/.local/lib/python3.10/site-packages (from pytest<8.0.0,>=6.2.4->pytest-playwright==0.3.3->-r /opt/catty-app/requirements.txt (line 4)) (26.0)
Requirement already satisfied: text-unidecode>=1.3 in /home/ilya/.local/lib/python3.10/site-packages (from python-slugify<9.0.0,>=6.0.0->pytest-playwright==0.3.3->-r /opt/catty-app/requirements.txt (line 4)) (1.3)
Requirement already satisfied: anyio<5,>=3.4.0 in /home/ilya/.local/lib/python3.10/site-packages (from starlette<0.28.0,>=0.27.0->fastapi==0.100.0->-r /opt/catty-app/requirements.txt (line 1)) (4.12.1)

[2026-03-15 03:10:52] ✅ Сервис catty-app перезапущен
[2026-03-15 03:10:52] 🎉 Развёртывание завершено успешно
